2021-02-04 03:06:08,547 - ERROR - /database_connection/dbcon.py
Method: get_user_state
'NoneType' object is not subscriptable
2021-02-04 03:06:08,549 - ERROR - /database_connection/dbcon.py
Method: get_user_state
'NoneType' object is not subscriptable
2021-02-04 03:06:08,549 - ERROR - /database_connection/dbcon.py
Method: get_user_state
'NoneType' object is not subscriptable
2021-02-04 03:06:08,550 - ERROR - /database_connection/dbcon.py
Method: get_user_state
'NoneType' object is not subscriptable
2021-02-04 03:06:08,550 - ERROR - /database_connection/dbcon.py
Method: get_user_state
'NoneType' object is not subscriptable
2021-02-04 03:06:08,550 - ERROR - /database_connection/dbcon.py
Method: get_user_state
'NoneType' object is not subscriptable
2021-02-04 03:06:08,551 - ERROR - /database_connection/dbcon.py
Method: get_user_state
'NoneType' object is not subscriptable
2021-02-04 03:06:08,551 - ERROR - /database_connection/dbcon.py
Method: get_user_state
'NoneType' object is not subscriptable
2021-02-04 03:06:08,551 - ERROR - /database_connection/dbcon.py
Method: get_user_state
'NoneType' object is not subscriptable
2021-02-04 03:06:08,551 - ERROR - /database_connection/dbcon.py
Method: get_user_state
'NoneType' object is not subscriptable
2021-02-04 03:06:08,552 - ERROR - /database_connection/dbcon.py
Method: get_user_state
'NoneType' object is not subscriptable
2021-02-04 03:06:08,552 - ERROR - /database_connection/dbcon.py
Method: get_user_state
'NoneType' object is not subscriptable
2021-02-04 03:06:08,552 - ERROR - /database_connection/dbcon.py
Method: get_user_state
'NoneType' object is not subscriptable
2021-02-04 03:06:08,552 - ERROR - /database_connection/dbcon.py
Method: get_user_state
'NoneType' object is not subscriptable
2021-02-04 03:06:08,553 - ERROR - /database_connection/dbcon.py
Method: get_user_state
'NoneType' object is not subscriptable
2021-02-04 03:06:08,553 - ERROR - /database_connection/dbcon.py
Method: get_user_state
'NoneType' object is not subscriptable
2021-02-04 03:06:08,553 - ERROR - /database_connection/dbcon.py
Method: get_user_state
'NoneType' object is not subscriptable
2021-02-04 03:06:08,553 - ERROR - /database_connection/dbcon.py
Method: get_user_state
'NoneType' object is not subscriptable
2021-02-04 03:06:08,554 - ERROR - /database_connection/dbcon.py
Method: get_user_state
'NoneType' object is not subscriptable
2021-02-04 03:06:08,554 - ERROR - /database_connection/dbcon.py
Method: get_user_state
'NoneType' object is not subscriptable
2021-02-04 03:06:08,554 - ERROR - /database_connection/dbcon.py
Method: get_user_state
'NoneType' object is not subscriptable
2021-02-04 03:06:08,554 - ERROR - /database_connection/dbcon.py
Method: get_user_state
'NoneType' object is not subscriptable
2021-02-04 03:06:08,555 - ERROR - /database_connection/dbcon.py
Method: get_user_state
'NoneType' object is not subscriptable
2021-02-04 03:06:08,555 - ERROR - /database_connection/dbcon.py
Method: get_user_state
'NoneType' object is not subscriptable
2021-02-04 03:06:08,555 - ERROR - /database_connection/dbcon.py
Method: get_user_state
'NoneType' object is not subscriptable
2021-02-04 03:06:08,555 - ERROR - /database_connection/dbcon.py
Method: get_user_state
'NoneType' object is not subscriptable
2021-02-04 03:06:08,555 - ERROR - /database_connection/dbcon.py
Method: get_user_state
'NoneType' object is not subscriptable
2021-02-04 03:06:08,556 - ERROR - /database_connection/dbcon.py
Method: get_user_state
'NoneType' object is not subscriptable
2021-02-04 03:06:08,556 - ERROR - /database_connection/dbcon.py
Method: get_user_state
'NoneType' object is not subscriptable
2021-02-04 03:06:08,556 - ERROR - /database_connection/dbcon.py
Method: get_user_state
'NoneType' object is not subscriptable
2021-02-04 03:06:08,556 - ERROR - /database_connection/dbcon.py
Method: get_user_state
'NoneType' object is not subscriptable
2021-02-04 03:06:08,556 - ERROR - /database_connection/dbcon.py
Method: get_user_state
'NoneType' object is not subscriptable
2021-02-04 03:06:08,557 - ERROR - /database_connection/dbcon.py
Method: get_user_state
'NoneType' object is not subscriptable
2021-02-04 03:06:08,557 - ERROR - /database_connection/dbcon.py
Method: get_user_state
'NoneType' object is not subscriptable
2021-02-04 03:06:08,557 - ERROR - /database_connection/dbcon.py
Method: get_user_state
'NoneType' object is not subscriptable
2021-02-04 03:06:08,557 - ERROR - /database_connection/dbcon.py
Method: get_user_state
'NoneType' object is not subscriptable
2021-02-04 03:06:08,557 - ERROR - /database_connection/dbcon.py
Method: get_user_state
'NoneType' object is not subscriptable
2021-02-04 03:06:08,558 - ERROR - /database_connection/dbcon.py
Method: get_user_state
'NoneType' object is not subscriptable
2021-02-04 03:06:08,558 - ERROR - /database_connection/dbcon.py
Method: get_user_state
'NoneType' object is not subscriptable
2021-02-04 03:06:08,558 - ERROR - /database_connection/dbcon.py
Method: get_user_state
'NoneType' object is not subscriptable
2021-02-04 03:06:08,558 - ERROR - /database_connection/dbcon.py
Method: get_user_state
'NoneType' object is not subscriptable
2021-02-04 03:06:08,558 - ERROR - /database_connection/dbcon.py
Method: get_user_state
'NoneType' object is not subscriptable
2021-02-04 03:06:08,559 - ERROR - /database_connection/dbcon.py
Method: get_user_state
'NoneType' object is not subscriptable
2021-02-04 03:06:08,559 - ERROR - /database_connection/dbcon.py
Method: get_user_state
'NoneType' object is not subscriptable
2021-02-04 03:06:08,559 - ERROR - /database_connection/dbcon.py
Method: get_user_state
'NoneType' object is not subscriptable
2021-02-04 03:06:08,559 - ERROR - /database_connection/dbcon.py
Method: get_user_state
'NoneType' object is not subscriptable
2021-02-04 03:06:08,559 - ERROR - /database_connection/dbcon.py
Method: get_user_state
'NoneType' object is not subscriptable
2021-02-04 03:06:08,560 - ERROR - /database_connection/dbcon.py
Method: get_user_state
'NoneType' object is not subscriptable
2021-02-04 03:06:08,560 - ERROR - /database_connection/dbcon.py
Method: get_user_state
'NoneType' object is not subscriptable
2021-02-04 03:06:08,560 - ERROR - /database_connection/dbcon.py
Method: get_user_state
'NoneType' object is not subscriptable
2021-02-04 03:06:08,560 - ERROR - /database_connection/dbcon.py
Method: get_user_state
'NoneType' object is not subscriptable
2021-02-04 03:06:08,560 - ERROR - /database_connection/dbcon.py
Method: get_user_state
'NoneType' object is not subscriptable
2021-02-04 03:06:08,561 - ERROR - /database_connection/dbcon.py
Method: get_user_state
'NoneType' object is not subscriptable
2021-02-04 03:06:08,561 - ERROR - /database_connection/dbcon.py
Method: get_user_state
'NoneType' object is not subscriptable
2021-02-04 03:06:08,561 - ERROR - /database_connection/dbcon.py
Method: get_user_state
'NoneType' object is not subscriptable
2021-02-04 03:06:08,561 - ERROR - /database_connection/dbcon.py
Method: get_user_state
'NoneType' object is not subscriptable
2021-02-04 03:06:08,561 - ERROR - /database_connection/dbcon.py
Method: get_user_state
'NoneType' object is not subscriptable
2021-02-04 03:06:08,562 - ERROR - /database_connection/dbcon.py
Method: get_user_state
'NoneType' object is not subscriptable
2021-02-04 03:06:08,562 - ERROR - /database_connection/dbcon.py
Method: get_user_state
'NoneType' object is not subscriptable
2021-02-04 03:06:08,562 - ERROR - /database_connection/dbcon.py
Method: get_user_state
'NoneType' object is not subscriptable
2021-02-04 03:06:08,562 - ERROR - /database_connection/dbcon.py
Method: get_user_state
'NoneType' object is not subscriptable
2021-02-04 03:06:08,562 - ERROR - /database_connection/dbcon.py
Method: get_user_state
'NoneType' object is not subscriptable
2021-02-04 03:06:08,562 - ERROR - /database_connection/dbcon.py
Method: get_user_state
'NoneType' object is not subscriptable
2021-02-04 03:06:08,563 - ERROR - /database_connection/dbcon.py
Method: get_user_state
'NoneType' object is not subscriptable
2021-02-04 03:06:08,563 - ERROR - /database_connection/dbcon.py
Method: get_user_state
'NoneType' object is not subscriptable
2021-02-04 03:06:08,563 - ERROR - /database_connection/dbcon.py
Method: get_user_state
'NoneType' object is not subscriptable
2021-02-04 03:06:08,563 - ERROR - /database_connection/dbcon.py
Method: get_user_state
'NoneType' object is not subscriptable
2021-02-04 03:06:08,564 - ERROR - /database_connection/dbcon.py
Method: get_user_state
'NoneType' object is not subscriptable
2021-02-04 03:06:08,564 - ERROR - /database_connection/dbcon.py
Method: get_user_state
'NoneType' object is not subscriptable
2021-02-04 03:06:08,564 - ERROR - /database_connection/dbcon.py
Method: get_user_state
'NoneType' object is not subscriptable
2021-02-04 03:06:08,564 - ERROR - /database_connection/dbcon.py
Method: get_user_state
'NoneType' object is not subscriptable
2021-02-04 03:06:08,564 - ERROR - /database_connection/dbcon.py
Method: get_user_state
'NoneType' object is not subscriptable
2021-02-04 03:06:08,565 - ERROR - /database_connection/dbcon.py
Method: get_user_state
'NoneType' object is not subscriptable
2021-02-04 03:06:08,565 - ERROR - /database_connection/dbcon.py
Method: get_user_state
'NoneType' object is not subscriptable
2021-02-04 03:06:08,565 - ERROR - /database_connection/dbcon.py
Method: get_user_state
'NoneType' object is not subscriptable
2021-02-04 03:06:08,565 - ERROR - /database_connection/dbcon.py
Method: get_user_state
'NoneType' object is not subscriptable
2021-02-04 03:06:08,565 - ERROR - /database_connection/dbcon.py
Method: get_user_state
'NoneType' object is not subscriptable
2021-02-04 03:06:08,566 - ERROR - /database_connection/dbcon.py
Method: get_user_state
'NoneType' object is not subscriptable
2021-02-04 03:06:08,566 - ERROR - /database_connection/dbcon.py
Method: get_user_state
'NoneType' object is not subscriptable
2021-02-04 03:06:08,566 - ERROR - /database_connection/dbcon.py
Method: get_user_state
'NoneType' object is not subscriptable
2021-02-04 03:06:08,566 - ERROR - /database_connection/dbcon.py
Method: get_user_state
'NoneType' object is not subscriptable
2021-02-04 03:06:08,566 - ERROR - /database_connection/dbcon.py
Method: get_user_state
'NoneType' object is not subscriptable
2021-02-04 03:06:08,566 - ERROR - /database_connection/dbcon.py
Method: get_user_state
'NoneType' object is not subscriptable
2021-02-04 03:06:08,567 - ERROR - /database_connection/dbcon.py
Method: get_user_state
'NoneType' object is not subscriptable
2021-02-04 03:06:08,567 - ERROR - /database_connection/dbcon.py
Method: get_user_state
'NoneType' object is not subscriptable
2021-02-04 03:06:08,567 - ERROR - /database_connection/dbcon.py
Method: get_user_state
'NoneType' object is not subscriptable
2021-02-04 03:06:08,567 - ERROR - /database_connection/dbcon.py
Method: get_user_state
'NoneType' object is not subscriptable
2021-02-04 03:06:08,567 - ERROR - /database_connection/dbcon.py
Method: get_user_state
'NoneType' object is not subscriptable
2021-02-04 03:06:08,568 - ERROR - /database_connection/dbcon.py
Method: get_user_state
'NoneType' object is not subscriptable
2021-02-04 03:06:08,568 - ERROR - /database_connection/dbcon.py
Method: get_user_state
'NoneType' object is not subscriptable
2021-02-04 03:06:08,568 - ERROR - /database_connection/dbcon.py
Method: get_user_state
'NoneType' object is not subscriptable
2021-02-04 03:06:08,568 - ERROR - /database_connection/dbcon.py
Method: get_user_state
'NoneType' object is not subscriptable
2021-02-04 03:06:08,568 - ERROR - /database_connection/dbcon.py
Method: get_user_state
'NoneType' object is not subscriptable
2021-02-04 03:06:08,569 - ERROR - /database_connection/dbcon.py
Method: get_user_state
'NoneType' object is not subscriptable
2021-02-04 03:06:08,569 - ERROR - /database_connection/dbcon.py
Method: get_user_state
'NoneType' object is not subscriptable
2021-02-04 03:06:08,569 - ERROR - /database_connection/dbcon.py
Method: get_user_state
'NoneType' object is not subscriptable
2021-02-04 03:12:00,600 - ERROR - /handlers/bot.py
Method: start
tuple indices must be integers or slices, not str
2021-02-04 03:22:12,835 - ERROR - /database_connection/dbcon.py
Method: User.getter
Expected bytes or unicode string, got type instead
2021-02-04 03:22:12,835 - ERROR - /handlers/bot.py
Method: start
'NoneType' object is not subscriptable
2021-02-04 03:22:28,340 - ERROR - /handlers/bot.py
Method: start
'NoneType' object is not subscriptable
2021-02-04 03:29:28,043 - ERROR - /handlers/bot.py
Method: start
'NoneType' object is not subscriptable
2021-02-04 03:29:41,867 - ERROR - /handlers/bot.py
Method: start
'NoneType' object is not subscriptable
2021-02-04 03:52:14,099 - ERROR - /handlers/bot.py
Method: start
name 'user_id' is not defined
2021-02-04 04:20:13,144 - ERROR - /handlers/bot.py
Method: start
Expected bytes or unicode string, got type instead
2021-02-04 04:21:30,978 - ERROR - /database_connection/dbcon.py
Method: get_user
Expected bytes or unicode string, got type instead
2021-02-04 04:21:30,978 - ERROR - /database_connection/dbcon.py
Method: get_user
Expected bytes or unicode string, got type instead
2021-02-04 04:21:30,978 - ERROR - /handlers/bot.py
Method: start
'NoneType' object is not subscriptable
2021-02-04 04:22:49,446 - ERROR - /handlers/bot.py
Method: start
Expected bytes or unicode string, got type instead
2021-02-04 04:59:56,799 - ERROR - /handlers/branches.py
Method: bo_fergana
Wrong file identifier/http url specified
2021-02-04 05:00:01,653 - ERROR - /handlers/branches.py
Method: bo_karakalpak
Wrong file identifier/http url specified
